<?xml version="1.0" encoding="UTF-8"?>
<testng-results ignored="0" total="1" passed="1" failed="0" skipped="0">
  <reporter-output>
    <line>
      <![CDATA[DataBase Connected]]>
    </line>
    <line>
      <![CDATA[Browser Launched Successfully]]>
    </line>
    <line>
      <![CDATA[logged in Successfully]]>
    </line>
    <line>
      <![CDATA[logged out Successfully]]>
    </line>
    <line>
      <![CDATA[Browser closed Successfully]]>
    </line>
    <line>
      <![CDATA[database disconnected]]>
    </line>
  </reporter-output>
  <suite started-at="2023-09-29T11:41:06 IST" name="Default suite" finished-at="2023-09-29T11:41:57 IST" duration-ms="50863">
    <groups>
    </groups>
    <test started-at="2023-09-29T11:41:06 IST" name="Default test" finished-at="2023-09-29T11:41:57 IST" duration-ms="50863">
      <class name="com.ActiTime.Testscripts.CreateCustomer">
        <test-method is-config="true" signature="databaseConnection()[pri:0, instance:com.ActiTime.Testscripts.CreateCustomer@6f53b8a]" started-at="2023-09-29T11:41:06 IST" name="databaseConnection" finished-at="2023-09-29T11:41:06 IST" duration-ms="24" status="PASS">
          <reporter-output>
            <line>
              <![CDATA[DataBase Connected]]>
            </line>
          </reporter-output>
        </test-method> <!-- databaseConnection -->
        <test-method is-config="true" signature="LaunchBrowser()[pri:0, instance:com.ActiTime.Testscripts.CreateCustomer@6f53b8a]" started-at="2023-09-29T11:41:06 IST" name="LaunchBrowser" finished-at="2023-09-29T11:41:32 IST" duration-ms="26306" status="PASS">
          <reporter-output>
            <line>
              <![CDATA[Browser Launched Successfully]]>
            </line>
          </reporter-output>
        </test-method> <!-- LaunchBrowser -->
        <test-method is-config="true" signature="loginToActiTime()[pri:0, instance:com.ActiTime.Testscripts.CreateCustomer@6f53b8a]" started-at="2023-09-29T11:41:32 IST" name="loginToActiTime" finished-at="2023-09-29T11:41:33 IST" duration-ms="652" status="PASS">
          <reporter-output>
            <line>
              <![CDATA[logged in Successfully]]>
            </line>
          </reporter-output>
        </test-method> <!-- loginToActiTime -->
        <test-method signature="CreateCustomer()[pri:0, instance:com.ActiTime.Testscripts.CreateCustomer@6f53b8a]" started-at="2023-09-29T11:41:33 IST" name="CreateCustomer" finished-at="2023-09-29T11:41:53 IST" duration-ms="20249" status="PASS">
          <reporter-output>
          </reporter-output>
        </test-method> <!-- CreateCustomer -->
        <test-method is-config="true" signature="logoutFromActitime()[pri:0, instance:com.ActiTime.Testscripts.CreateCustomer@6f53b8a]" started-at="2023-09-29T11:41:53 IST" name="logoutFromActitime" finished-at="2023-09-29T11:41:56 IST" duration-ms="2818" status="PASS">
          <reporter-output>
            <line>
              <![CDATA[logged out Successfully]]>
            </line>
          </reporter-output>
        </test-method> <!-- logoutFromActitime -->
        <test-method is-config="true" signature="closeBrowser()[pri:0, instance:com.ActiTime.Testscripts.CreateCustomer@6f53b8a]" started-at="2023-09-29T11:41:56 IST" name="closeBrowser" finished-at="2023-09-29T11:41:57 IST" duration-ms="589" status="PASS">
          <reporter-output>
            <line>
              <![CDATA[Browser closed Successfully]]>
            </line>
          </reporter-output>
        </test-method> <!-- closeBrowser -->
        <test-method is-config="true" signature="closeddatabaseconnection()[pri:0, instance:com.ActiTime.Testscripts.CreateCustomer@6f53b8a]" started-at="2023-09-29T11:41:57 IST" name="closeddatabaseconnection" finished-at="2023-09-29T11:41:57 IST" duration-ms="4" status="PASS">
          <reporter-output>
            <line>
              <![CDATA[database disconnected]]>
            </line>
          </reporter-output>
        </test-method> <!-- closeddatabaseconnection -->
      </class> <!-- com.ActiTime.Testscripts.CreateCustomer -->
    </test> <!-- Default test -->
  </suite> <!-- Default suite -->
</testng-results>
